<?xml version="1.0" encoding="UTF-8"?>
  <testsuite name="Log Collector Cmd Suite" tests="1" failures="0" errors="0" time="0.001">
      <testcase name="log collector cmd helper unit tests Initialization of log collector Should initialize log collector objects when valid kubeconfig file path is provided" classname="Log Collector Cmd Suite" time="0">
          <skipped></skipped>
      </testcase>
      <testcase name="log collector cmd helper unit tests Initialization of log collector Should read values.yaml file path if provided with correct format" classname="Log Collector Cmd Suite" time="0">
          <skipped></skipped>
      </testcase>
      <testcase name="log collector cmd helper unit tests Initialization of log collector Should throw error for values.yaml file path if provided with incorrect format" classname="Log Collector Cmd Suite" time="0">
          <skipped></skipped>
      </testcase>
      <testcase name="log collector cmd helper unit tests Initialization of log collector Should filter duplicate values from gvk and label selector" classname="Log Collector Cmd Suite" time="0">
          <skipped></skipped>
      </testcase>
      <testcase name="log collector cmd helper unit tests Initialization of log collector Should return error when kubeconfig file contains invalid data" classname="Log Collector Cmd Suite" time="0.001476846"></testcase>
  </testsuite>